2025/09/01 16:27:29 [info] 10#10: *17 client ::1 closed keepalive connection
2025/09/01 16:27:39 [info] 10#10: *18 client 172.15.0.1 closed keepalive connection
2025/09/01 16:27:55 [error] 10#10: *19 [lua] log_security.lua:117: log_security_event(): [SECURITY_EVENT] {"timestamp":"2025-09-01 16:27:55","remote_addr":"172.15.0.1","server_name":"_","event_type":"invalid_token_format","details":{"remote_addr":"172.15.0.1","uri":"\/v1\/workflows\/run","reason":"invalid_jwt_format"},"request_id":"02f15af066b41dbfff3dfba94f59cbbd"}, client: 172.15.0.1, server: _, request: "POST /v1/workflows/run HTTP/1.1", host: "localhost:82"
2025/09/01 16:27:55 [info] 10#10: *19 [lua] dify-loadbalancer.conf:125):9: [REQUEST] Processing request - URI: /v1/workflows/run, Method: POST, Remote IP: 172.15.0.1, User Agent: curl/7.81.0, client: 172.15.0.1, server: _, request: "POST /v1/workflows/run HTTP/1.1", host: "localhost:82"
2025/09/01 16:27:55 [info] 10#10: *19 [lua] dify-loadbalancer.conf:125):17: [DEBUG] Authorization header: Bearer test-token, client: 172.15.0.1, server: _, request: "POST /v1/workflows/run HTTP/1.1", host: "localhost:82"
2025/09/01 16:27:55 [info] 10#10: *19 [lua] dify-loadbalancer.conf:125):22: [DEBUG] Extracted user_token: test-token, client: 172.15.0.1, server: _, request: "POST /v1/workflows/run HTTP/1.1", host: "localhost:82"
2025/09/01 16:27:55 [info] 10#10: *19 [lua] loadbalancer.lua:88: get_app_type(): [DEBUG] get_app_type called with token: test-token, client: 172.15.0.1, server: _, request: "POST /v1/workflows/run HTTP/1.1", host: "localhost:82"
2025/09/01 16:27:55 [info] 10#10: *19 [lua] loadbalancer.lua:96: get_app_type(): [DEBUG] Checking app: customer_service, client: 172.15.0.1, server: _, request: "POST /v1/workflows/run HTTP/1.1", host: "localhost:82"
2025/09/01 16:27:55 [info] 10#10: *19 [lua] loadbalancer.lua:98: get_app_type(): [DEBUG] Comparing with configured token: usertoken--customer-service-v1, client: 172.15.0.1, server: _, request: "POST /v1/workflows/run HTTP/1.1", host: "localhost:82"
2025/09/01 16:27:55 [warn] 10#10: *19 [lua] loadbalancer.lua:106: get_app_type(): [DEBUG] No matching token found for: test-token, client: 172.15.0.1, server: _, request: "POST /v1/workflows/run HTTP/1.1", host: "localhost:82"
2025/09/01 16:27:55 [info] 10#10: *19 [lua] dify-loadbalancer.conf:125):29: [DEBUG] App type result: nil, client: 172.15.0.1, server: _, request: "POST /v1/workflows/run HTTP/1.1", host: "localhost:82"
2025/09/01 16:27:55 [error] 10#10: *19 [lua] dify-loadbalancer.conf:125):32: [ERROR] Token validation failed for token: test-token, client: 172.15.0.1, server: _, request: "POST /v1/workflows/run HTTP/1.1", host: "localhost:82"
2025/09/01 16:27:55 [error] 10#10: *19 [lua] dify-loadbalancer.conf:235):37: [ERROR_DETAIL] {"timestamp":"2025-09-01 16:27:55","request_id":"02f15af066b41dbfff3dfba94f59cbbd","user_id":"","request_uri":"\/v1\/workflows\/run","request_method":"POST","level":"error","user_agent":"curl\/7.81.0","app_type":"","status":401,"backend_instance":"","remote_addr":"172.15.0.1","request_time":0,"body_bytes_sent":0} while logging request, client: 172.15.0.1, server: _, request: "POST /v1/workflows/run HTTP/1.1", host: "localhost:82"
2025/09/01 16:27:55 [error] 10#10: *19 [lua] log_security.lua:117: log_security_event(): [SECURITY_EVENT] {"timestamp":"2025-09-01 16:27:55","remote_addr":"172.15.0.1","server_name":"_","event_type":"authentication_failure","details":{"status":401,"user_agent":"curl\/7.81.0","app_type":"","user_id":"","uri":"\/v1\/workflows\/run"},"request_id":"02f15af066b41dbfff3dfba94f59cbbd"} while logging request, client: 172.15.0.1, server: _, request: "POST /v1/workflows/run HTTP/1.1", host: "localhost:82"
2025/09/01 16:27:55 [info] 10#10: *19 client 172.15.0.1 closed keepalive connection
2025/09/01 16:28:00 [info] 10#10: *20 client ::1 closed keepalive connection
2025/09/01 16:28:30 [info] 10#10: *21 client ::1 closed keepalive connection
2025/09/01 16:29:01 [info] 10#10: *22 client ::1 closed keepalive connection
2025/09/01 16:29:32 [info] 10#10: *23 client ::1 closed keepalive connection
2025/09/01 16:29:39 [info] 10#10: *24 client closed connection while waiting for request, client: 172.15.0.1, server: 0.0.0.0:80
2025/09/01 16:29:39 [error] 10#10: *25 [lua] log_security.lua:117: log_security_event(): [SECURITY_EVENT] {"timestamp":"2025-09-01 16:29:39","remote_addr":"172.15.0.1","server_name":"_","event_type":"invalid_token_format","details":{"remote_addr":"172.15.0.1","uri":"\/v1\/workflows\/run\/6605b045-3f8d-4980-b245-46bc83b27477","reason":"invalid_jwt_format"},"request_id":"174347adf1340999ab4cda12c7514b62"}, client: 172.15.0.1, server: _, request: "GET /v1/workflows/run/6605b045-3f8d-4980-b245-46bc83b27477 HTTP/1.1", host: "localhost:82"
2025/09/01 16:29:39 [info] 10#10: *25 [lua] dify-loadbalancer.conf:125):9: [REQUEST] Processing request - URI: /v1/workflows/run/6605b045-3f8d-4980-b245-46bc83b27477, Method: GET, Remote IP: 172.15.0.1, User Agent: PostmanRuntime/7.45.0, client: 172.15.0.1, server: _, request: "GET /v1/workflows/run/6605b045-3f8d-4980-b245-46bc83b27477 HTTP/1.1", host: "localhost:82"
2025/09/01 16:29:39 [info] 10#10: *25 [lua] dify-loadbalancer.conf:125):17: [DEBUG] Authorization header: Bearer usertoken--customer-service-v1, client: 172.15.0.1, server: _, request: "GET /v1/workflows/run/6605b045-3f8d-4980-b245-46bc83b27477 HTTP/1.1", host: "localhost:82"
2025/09/01 16:29:39 [info] 10#10: *25 [lua] dify-loadbalancer.conf:125):22: [DEBUG] Extracted user_token: usertoken--customer-service-v1, client: 172.15.0.1, server: _, request: "GET /v1/workflows/run/6605b045-3f8d-4980-b245-46bc83b27477 HTTP/1.1", host: "localhost:82"
2025/09/01 16:29:39 [info] 10#10: *25 [lua] loadbalancer.lua:88: get_app_type(): [DEBUG] get_app_type called with token: usertoken--customer-service-v1, client: 172.15.0.1, server: _, request: "GET /v1/workflows/run/6605b045-3f8d-4980-b245-46bc83b27477 HTTP/1.1", host: "localhost:82"
2025/09/01 16:29:39 [info] 10#10: *25 [lua] loadbalancer.lua:96: get_app_type(): [DEBUG] Checking app: customer_service, client: 172.15.0.1, server: _, request: "GET /v1/workflows/run/6605b045-3f8d-4980-b245-46bc83b27477 HTTP/1.1", host: "localhost:82"
2025/09/01 16:29:39 [info] 10#10: *25 [lua] loadbalancer.lua:98: get_app_type(): [DEBUG] Comparing with configured token: usertoken--customer-service-v1, client: 172.15.0.1, server: _, request: "GET /v1/workflows/run/6605b045-3f8d-4980-b245-46bc83b27477 HTTP/1.1", host: "localhost:82"
2025/09/01 16:29:39 [info] 10#10: *25 [lua] loadbalancer.lua:100: get_app_type(): [DEBUG] Token matched for app: customer_service, client: 172.15.0.1, server: _, request: "GET /v1/workflows/run/6605b045-3f8d-4980-b245-46bc83b27477 HTTP/1.1", host: "localhost:82"
2025/09/01 16:29:39 [info] 10#10: *25 [lua] dify-loadbalancer.conf:125):29: [DEBUG] App type result: customer_service, client: 172.15.0.1, server: _, request: "GET /v1/workflows/run/6605b045-3f8d-4980-b245-46bc83b27477 HTTP/1.1", host: "localhost:82"
2025/09/01 16:29:39 [info] 10#10: *25 [lua] loadbalancer.lua:286: get_backend_instance(): [DEBUG] get_backend_instance called with app_type: customer_service, user_id: abc-123, client: 172.15.0.1, server: _, request: "GET /v1/workflows/run/6605b045-3f8d-4980-b245-46bc83b27477 HTTP/1.1", host: "localhost:82"
2025/09/01 16:29:39 [info] 10#10: *25 [lua] loadbalancer.lua:301: get_backend_instance(): [DEBUG] Using hash_key: customer_service:abc-123, client: 172.15.0.1, server: _, request: "GET /v1/workflows/run/6605b045-3f8d-4980-b245-46bc83b27477 HTTP/1.1", host: "localhost:82"
2025/09/01 16:29:39 [info] 10#10: *25 [lua] loadbalancer.lua:306: get_backend_instance(): [DEBUG] Selected Dify instance - name: dify2, host: 172.20.62.200, port: 80, token: app-5aXypUODhQ3GonYXmP7hO4DE, client: 172.15.0.1, server: _, request: "GET /v1/workflows/run/6605b045-3f8d-4980-b245-46bc83b27477 HTTP/1.1", host: "localhost:82"
2025/09/01 16:30:02 [info] 10#10: *27 client ::1 closed keepalive connection
2025/09/01 16:30:11 [error] 10#10: *25 [lua] log_security.lua:117: log_security_event(): [SECURITY_EVENT] {"timestamp":"2025-09-01 16:30:11","remote_addr":"172.15.0.1","server_name":"_","event_type":"invalid_token_format","details":{"remote_addr":"172.15.0.1","uri":"\/v1\/workflows\/run","reason":"invalid_jwt_format"},"request_id":"b697cc462c354dc306937a361c476f7c"}, client: 172.15.0.1, server: _, request: "POST /v1/workflows/run HTTP/1.1", host: "localhost:82"
2025/09/01 16:30:11 [info] 10#10: *25 [lua] dify-loadbalancer.conf:125):9: [REQUEST] Processing request - URI: /v1/workflows/run, Method: POST, Remote IP: 172.15.0.1, User Agent: PostmanRuntime/7.45.0, client: 172.15.0.1, server: _, request: "POST /v1/workflows/run HTTP/1.1", host: "localhost:82"
2025/09/01 16:30:11 [info] 10#10: *25 [lua] dify-loadbalancer.conf:125):17: [DEBUG] Authorization header: Bearer usertoken--customer-service-v1, client: 172.15.0.1, server: _, request: "POST /v1/workflows/run HTTP/1.1", host: "localhost:82"
2025/09/01 16:30:11 [info] 10#10: *25 [lua] dify-loadbalancer.conf:125):22: [DEBUG] Extracted user_token: usertoken--customer-service-v1, client: 172.15.0.1, server: _, request: "POST /v1/workflows/run HTTP/1.1", host: "localhost:82"
2025/09/01 16:30:11 [info] 10#10: *25 [lua] loadbalancer.lua:88: get_app_type(): [DEBUG] get_app_type called with token: usertoken--customer-service-v1, client: 172.15.0.1, server: _, request: "POST /v1/workflows/run HTTP/1.1", host: "localhost:82"
2025/09/01 16:30:11 [info] 10#10: *25 [lua] loadbalancer.lua:96: get_app_type(): [DEBUG] Checking app: customer_service, client: 172.15.0.1, server: _, request: "POST /v1/workflows/run HTTP/1.1", host: "localhost:82"
2025/09/01 16:30:11 [info] 10#10: *25 [lua] loadbalancer.lua:98: get_app_type(): [DEBUG] Comparing with configured token: usertoken--customer-service-v1, client: 172.15.0.1, server: _, request: "POST /v1/workflows/run HTTP/1.1", host: "localhost:82"
2025/09/01 16:30:11 [info] 10#10: *25 [lua] loadbalancer.lua:100: get_app_type(): [DEBUG] Token matched for app: customer_service, client: 172.15.0.1, server: _, request: "POST /v1/workflows/run HTTP/1.1", host: "localhost:82"
2025/09/01 16:30:11 [info] 10#10: *25 [lua] dify-loadbalancer.conf:125):29: [DEBUG] App type result: customer_service, client: 172.15.0.1, server: _, request: "POST /v1/workflows/run HTTP/1.1", host: "localhost:82"
2025/09/01 16:30:11 [info] 10#10: *25 [lua] loadbalancer.lua:286: get_backend_instance(): [DEBUG] get_backend_instance called with app_type: customer_service, user_id: abc-123, client: 172.15.0.1, server: _, request: "POST /v1/workflows/run HTTP/1.1", host: "localhost:82"
2025/09/01 16:30:11 [info] 10#10: *25 [lua] loadbalancer.lua:301: get_backend_instance(): [DEBUG] Using hash_key: customer_service:abc-123, client: 172.15.0.1, server: _, request: "POST /v1/workflows/run HTTP/1.1", host: "localhost:82"
2025/09/01 16:30:11 [info] 10#10: *25 [lua] loadbalancer.lua:306: get_backend_instance(): [DEBUG] Selected Dify instance - name: dify2, host: 172.20.62.200, port: 80, token: app-5aXypUODhQ3GonYXmP7hO4DE, client: 172.15.0.1, server: _, request: "POST /v1/workflows/run HTTP/1.1", host: "localhost:82"
2025/09/01 16:30:33 [info] 10#10: *29 client ::1 closed keepalive connection
2025/09/01 16:31:04 [info] 10#10: *30 client ::1 closed keepalive connection
2025/09/01 16:31:34 [info] 10#10: *31 client ::1 closed keepalive connection
2025/09/01 16:32:04 [info] 10#10: *32 client ::1 closed keepalive connection
2025/09/01 16:32:34 [info] 10#10: *33 client ::1 closed keepalive connection
2025/09/01 16:33:04 [info] 10#10: *34 client ::1 closed keepalive connection
2025/09/01 16:33:34 [info] 10#10: *35 client ::1 closed keepalive connection
2025/09/01 16:34:04 [info] 10#10: *36 client ::1 closed keepalive connection
2025/09/01 16:34:34 [info] 10#10: *37 client ::1 closed keepalive connection
2025/09/01 16:35:04 [info] 10#10: *38 client ::1 closed keepalive connection
2025/09/01 16:35:34 [info] 10#10: *39 client ::1 closed keepalive connection
2025/09/01 16:36:04 [info] 10#10: *40 client ::1 closed keepalive connection
2025/09/01 16:36:35 [info] 10#10: *41 client ::1 closed keepalive connection
2025/09/01 16:37:05 [info] 10#10: *42 client ::1 closed keepalive connection
2025/09/01 16:37:35 [info] 10#10: *43 client ::1 closed keepalive connection
2025/09/01 16:38:05 [info] 10#10: *44 client ::1 closed keepalive connection
2025/09/01 16:38:36 [info] 10#10: *45 client ::1 closed keepalive connection
2025/09/01 16:39:06 [info] 10#10: *46 client ::1 closed keepalive connection
2025/09/01 16:39:36 [info] 10#10: *47 client ::1 closed keepalive connection
2025/09/01 16:40:06 [info] 10#10: *48 client ::1 closed keepalive connection
2025/09/01 16:40:37 [info] 10#10: *49 client ::1 closed keepalive connection
2025/09/01 16:41:07 [info] 10#10: *50 client ::1 closed keepalive connection
2025/09/01 16:41:38 [info] 10#10: *51 client ::1 closed keepalive connection
2025/09/01 16:42:09 [info] 10#10: *52 client ::1 closed keepalive connection
2025/09/01 16:42:39 [info] 10#10: *53 client ::1 closed keepalive connection
2025/09/01 16:43:10 [info] 10#10: *54 client ::1 closed keepalive connection
2025/09/01 16:43:41 [info] 10#10: *55 client ::1 closed keepalive connection
2025/09/01 16:44:11 [info] 10#10: *56 client ::1 closed keepalive connection
2025/09/01 16:44:42 [info] 10#10: *57 client ::1 closed keepalive connection
2025/09/01 16:45:12 [info] 10#10: *58 client ::1 closed keepalive connection
2025/09/01 16:45:42 [info] 10#10: *59 client ::1 closed keepalive connection
2025/09/01 16:46:13 [info] 10#10: *60 client ::1 closed keepalive connection
2025/09/01 16:46:44 [info] 10#10: *61 client ::1 closed keepalive connection
2025/09/01 16:47:14 [info] 10#10: *62 client ::1 closed keepalive connection
2025/09/01 16:47:45 [info] 10#10: *63 client ::1 closed keepalive connection
2025/09/01 16:48:15 [info] 10#10: *64 client ::1 closed keepalive connection
2025/09/01 16:48:46 [info] 10#10: *65 client ::1 closed keepalive connection
2025/09/01 16:49:17 [info] 10#10: *66 client ::1 closed keepalive connection
2025/09/01 16:49:47 [info] 10#10: *67 client ::1 closed keepalive connection
2025/09/01 16:50:18 [info] 10#10: *68 client ::1 closed keepalive connection
2025/09/01 16:50:49 [info] 10#10: *69 client ::1 closed keepalive connection
2025/09/01 16:51:20 [info] 10#10: *70 client ::1 closed keepalive connection
2025/09/01 16:51:51 [info] 10#10: *71 client ::1 closed keepalive connection
2025/09/01 16:52:21 [info] 10#10: *72 client ::1 closed keepalive connection
2025/09/01 16:52:51 [info] 10#10: *73 client ::1 closed keepalive connection
2025/09/01 16:53:22 [info] 10#10: *74 client ::1 closed keepalive connection
2025/09/01 16:53:53 [info] 10#10: *75 client ::1 closed keepalive connection
2025/09/01 16:54:23 [info] 10#10: *76 client ::1 closed keepalive connection
2025/09/01 16:54:54 [info] 10#10: *77 client ::1 closed keepalive connection
2025/09/01 16:55:25 [info] 10#10: *78 client ::1 closed keepalive connection
2025/09/01 16:55:55 [info] 10#10: *79 client ::1 closed keepalive connection
2025/09/01 16:56:26 [info] 10#10: *80 client ::1 closed keepalive connection
2025/09/01 16:56:57 [info] 10#10: *81 client ::1 closed keepalive connection
2025/09/01 16:57:28 [info] 10#10: *82 client ::1 closed keepalive connection
2025/09/01 16:57:58 [info] 10#10: *83 client ::1 closed keepalive connection
2025/09/01 16:58:29 [info] 10#10: *84 client ::1 closed keepalive connection
2025/09/01 16:59:00 [info] 10#10: *85 client ::1 closed keepalive connection
2025/09/01 16:59:30 [info] 10#10: *86 client ::1 closed keepalive connection
2025/09/01 17:00:01 [info] 10#10: *87 client ::1 closed keepalive connection
2025/09/01 17:00:31 [info] 10#10: *88 client ::1 closed keepalive connection
2025/09/01 17:01:02 [info] 10#10: *89 client ::1 closed keepalive connection
2025/09/01 17:01:33 [info] 10#10: *90 client ::1 closed keepalive connection
2025/09/01 17:02:04 [info] 10#10: *91 client ::1 closed keepalive connection
2025/09/01 17:02:35 [info] 10#10: *92 client ::1 closed keepalive connection
2025/09/01 17:03:06 [info] 10#10: *93 client ::1 closed keepalive connection
2025/09/01 17:03:36 [info] 10#10: *94 client ::1 closed keepalive connection
2025/09/01 17:04:07 [info] 10#10: *95 client ::1 closed keepalive connection
2025/09/01 17:04:38 [info] 10#10: *96 client ::1 closed keepalive connection
2025/09/01 17:05:09 [info] 10#10: *97 client ::1 closed keepalive connection
2025/09/01 17:05:40 [info] 10#10: *98 client ::1 closed keepalive connection
2025/09/01 17:06:10 [info] 10#10: *99 client ::1 closed keepalive connection
2025/09/01 17:06:40 [info] 10#10: *100 client ::1 closed keepalive connection
2025/09/01 17:07:11 [info] 10#10: *101 client ::1 closed keepalive connection
2025/09/01 17:07:42 [info] 10#10: *102 client ::1 closed keepalive connection
2025/09/01 17:08:13 [info] 10#10: *103 client ::1 closed keepalive connection
2025/09/01 17:08:44 [info] 10#10: *104 client ::1 closed keepalive connection
2025/09/01 17:09:14 [info] 10#10: *105 client ::1 closed keepalive connection
2025/09/01 17:09:45 [info] 10#10: *106 client ::1 closed keepalive connection
2025/09/01 17:10:16 [info] 10#10: *107 client ::1 closed keepalive connection
2025/09/01 17:10:47 [info] 10#10: *108 client ::1 closed keepalive connection
2025/09/01 17:11:18 [info] 10#10: *109 client ::1 closed keepalive connection
2025/09/01 17:11:48 [info] 10#10: *110 client ::1 closed keepalive connection
2025/09/01 17:12:18 [info] 10#10: *111 client ::1 closed keepalive connection
2025/09/01 17:12:49 [info] 10#10: *112 client ::1 closed keepalive connection
2025/09/01 17:13:20 [info] 10#10: *113 client ::1 closed keepalive connection
2025/09/01 17:13:51 [info] 10#10: *114 client ::1 closed keepalive connection
2025/09/01 17:14:22 [info] 10#10: *115 client ::1 closed keepalive connection
2025/09/01 17:14:53 [info] 10#10: *116 client ::1 closed keepalive connection
2025/09/01 17:15:23 [info] 10#10: *117 client ::1 closed keepalive connection
2025/09/01 17:15:54 [info] 10#10: *118 client ::1 closed keepalive connection
2025/09/01 17:16:25 [info] 10#10: *119 client ::1 closed keepalive connection
2025/09/01 17:16:56 [info] 10#10: *120 client ::1 closed keepalive connection
2025/09/01 17:17:27 [info] 10#10: *121 client ::1 closed keepalive connection
2025/09/01 17:17:58 [info] 10#10: *122 client ::1 closed keepalive connection
2025/09/01 17:18:29 [info] 10#10: *123 client ::1 closed keepalive connection
2025/09/01 17:18:59 [info] 10#10: *124 client ::1 closed keepalive connection
2025/09/01 17:19:30 [info] 10#10: *125 client ::1 closed keepalive connection
2025/09/01 17:20:01 [info] 10#10: *126 client ::1 closed keepalive connection
2025/09/01 17:20:32 [info] 10#10: *127 client ::1 closed keepalive connection
2025/09/01 17:21:03 [info] 10#10: *128 client ::1 closed keepalive connection
2025/09/01 17:21:34 [info] 10#10: *129 client ::1 closed keepalive connection
2025/09/01 17:22:04 [info] 10#10: *130 client ::1 closed keepalive connection
2025/09/01 17:22:35 [info] 10#10: *131 client ::1 closed keepalive connection
2025/09/01 17:23:06 [info] 10#10: *132 client ::1 closed keepalive connection
2025/09/01 17:23:37 [info] 10#10: *133 client ::1 closed keepalive connection
2025/09/01 17:24:08 [info] 10#10: *134 client ::1 closed keepalive connection
2025/09/01 17:24:39 [info] 10#10: *135 client ::1 closed keepalive connection
2025/09/01 17:25:10 [info] 10#10: *136 client ::1 closed keepalive connection
2025/09/01 17:25:41 [info] 10#10: *137 client ::1 closed keepalive connection
2025/09/01 17:26:11 [info] 10#10: *138 client ::1 closed keepalive connection
2025/09/01 17:26:42 [info] 10#10: *139 client ::1 closed keepalive connection
2025/09/01 17:27:13 [info] 10#10: *140 client ::1 closed keepalive connection
2025/09/01 17:27:44 [info] 10#10: *141 client ::1 closed keepalive connection
2025/09/01 17:28:15 [info] 10#10: *142 client ::1 closed keepalive connection
2025/09/01 17:28:45 [info] 10#10: *143 client ::1 closed keepalive connection
2025/09/01 17:29:16 [info] 10#10: *144 client ::1 closed keepalive connection
2025/09/01 17:29:47 [info] 10#10: *145 client ::1 closed keepalive connection
2025/09/01 17:30:18 [info] 10#10: *146 client ::1 closed keepalive connection
2025/09/01 17:30:49 [info] 10#10: *147 client ::1 closed keepalive connection
2025/09/01 17:31:20 [info] 10#10: *148 client ::1 closed keepalive connection
2025/09/01 17:31:51 [info] 10#10: *149 client ::1 closed keepalive connection
2025/09/01 17:32:22 [info] 10#10: *150 client ::1 closed keepalive connection
2025/09/01 17:32:52 [info] 10#10: *151 client ::1 closed keepalive connection
2025/09/01 17:33:23 [info] 10#10: *152 client ::1 closed keepalive connection
2025/09/01 17:33:54 [info] 10#10: *153 client ::1 closed keepalive connection
2025/09/01 17:34:25 [info] 10#10: *154 client ::1 closed keepalive connection
2025/09/01 17:34:55 [info] 10#10: *155 client ::1 closed keepalive connection
2025/09/01 17:35:26 [info] 10#10: *156 client ::1 closed keepalive connection
2025/09/01 17:35:57 [info] 10#10: *157 client ::1 closed keepalive connection
2025/09/01 17:36:28 [info] 10#10: *158 client ::1 closed keepalive connection
2025/09/01 17:36:59 [info] 10#10: *159 client ::1 closed keepalive connection
2025/09/01 17:37:30 [info] 10#10: *160 client ::1 closed keepalive connection
2025/09/01 17:38:01 [info] 10#10: *161 client ::1 closed keepalive connection
2025/09/01 17:38:32 [info] 10#10: *162 client ::1 closed keepalive connection
2025/09/01 17:39:03 [info] 10#10: *163 client ::1 closed keepalive connection
2025/09/01 17:39:33 [info] 10#10: *164 client ::1 closed keepalive connection
2025/09/01 17:40:04 [info] 10#10: *165 client ::1 closed keepalive connection
2025/09/01 17:40:35 [info] 10#10: *166 client ::1 closed keepalive connection
2025/09/01 17:41:06 [info] 10#10: *167 client ::1 closed keepalive connection
2025/09/01 17:41:37 [info] 10#10: *168 client ::1 closed keepalive connection
2025/09/01 17:42:07 [info] 10#10: *169 client ::1 closed keepalive connection
2025/09/01 17:42:38 [info] 10#10: *170 client ::1 closed keepalive connection
2025/09/01 17:43:09 [info] 10#10: *171 client ::1 closed keepalive connection
2025/09/01 17:43:40 [info] 10#10: *172 client ::1 closed keepalive connection
2025/09/01 17:44:11 [info] 10#10: *173 client ::1 closed keepalive connection
2025/09/01 17:44:42 [info] 10#10: *174 client ::1 closed keepalive connection
2025/09/01 17:45:13 [info] 10#10: *175 client ::1 closed keepalive connection
2025/09/01 17:45:44 [info] 10#10: *176 client ::1 closed keepalive connection
2025/09/01 17:46:14 [info] 10#10: *177 client ::1 closed keepalive connection
2025/09/01 17:46:45 [info] 10#10: *178 client ::1 closed keepalive connection
2025/09/01 17:47:16 [info] 10#10: *179 client ::1 closed keepalive connection
2025/09/01 17:47:47 [info] 10#10: *180 client ::1 closed keepalive connection
2025/09/01 17:48:18 [info] 10#10: *181 client ::1 closed keepalive connection
2025/09/01 17:48:49 [info] 10#10: *182 client ::1 closed keepalive connection
2025/09/01 17:49:20 [info] 10#10: *183 client ::1 closed keepalive connection
2025/09/01 17:49:51 [info] 10#10: *184 client ::1 closed keepalive connection
2025/09/01 17:50:22 [info] 10#10: *185 client ::1 closed keepalive connection
2025/09/01 17:50:53 [info] 10#10: *186 client ::1 closed keepalive connection
2025/09/01 17:51:24 [info] 10#10: *187 client ::1 closed keepalive connection
2025/09/01 17:51:55 [info] 10#10: *188 client ::1 closed keepalive connection
2025/09/01 17:52:26 [info] 10#10: *189 client ::1 closed keepalive connection
2025/09/01 17:52:57 [info] 10#10: *190 client ::1 closed keepalive connection
2025/09/01 17:53:27 [info] 10#10: *191 client ::1 closed keepalive connection
2025/09/01 17:53:58 [info] 10#10: *192 client ::1 closed keepalive connection
2025/09/01 17:54:29 [info] 10#10: *193 client ::1 closed keepalive connection
2025/09/01 17:55:00 [info] 10#10: *194 client ::1 closed keepalive connection
2025/09/01 17:55:31 [info] 10#10: *195 client ::1 closed keepalive connection
2025/09/01 17:56:02 [info] 10#10: *196 client ::1 closed keepalive connection
2025/09/01 17:56:33 [info] 10#10: *197 client ::1 closed keepalive connection
2025/09/01 17:57:04 [info] 10#10: *198 client ::1 closed keepalive connection
2025/09/01 17:57:35 [info] 10#10: *199 client ::1 closed keepalive connection
2025/09/01 17:58:06 [info] 10#10: *200 client ::1 closed keepalive connection
2025/09/01 17:58:37 [info] 10#10: *201 client ::1 closed keepalive connection
2025/09/01 17:59:08 [info] 10#10: *202 client ::1 closed keepalive connection
2025/09/01 17:59:39 [info] 10#10: *203 client ::1 closed keepalive connection
2025/09/01 18:00:09 [info] 10#10: *204 client ::1 closed keepalive connection
2025/09/01 18:00:40 [info] 10#10: *205 client ::1 closed keepalive connection
2025/09/01 18:01:11 [info] 10#10: *206 client ::1 closed keepalive connection
2025/09/01 18:01:42 [info] 10#10: *207 client ::1 closed keepalive connection
2025/09/01 18:02:13 [info] 10#10: *208 client ::1 closed keepalive connection
2025/09/01 18:02:44 [info] 10#10: *209 client ::1 closed keepalive connection
2025/09/01 18:03:15 [info] 10#10: *210 client ::1 closed keepalive connection
2025/09/01 18:03:46 [info] 10#10: *211 client ::1 closed keepalive connection
2025/09/01 18:04:17 [info] 10#10: *212 client ::1 closed keepalive connection
2025/09/01 18:04:48 [info] 10#10: *213 client ::1 closed keepalive connection
2025/09/01 18:05:19 [info] 10#10: *214 client ::1 closed keepalive connection
2025/09/01 18:05:50 [info] 10#10: *215 client ::1 closed keepalive connection
2025/09/01 18:06:21 [info] 10#10: *216 client ::1 closed keepalive connection
2025/09/01 18:06:51 [info] 10#10: *217 client ::1 closed keepalive connection
2025/09/01 18:07:22 [info] 10#10: *218 client ::1 closed keepalive connection
2025/09/01 18:07:53 [info] 10#10: *219 client ::1 closed keepalive connection
2025/09/01 18:08:24 [info] 10#10: *220 client ::1 closed keepalive connection
2025/09/01 18:08:55 [info] 10#10: *221 client ::1 closed keepalive connection
2025/09/01 18:09:26 [info] 10#10: *222 client ::1 closed keepalive connection
2025/09/01 18:09:57 [info] 10#10: *223 client ::1 closed keepalive connection
2025/09/01 18:10:28 [info] 10#10: *224 client ::1 closed keepalive connection
2025/09/01 18:11:00 [info] 10#10: *225 client ::1 closed keepalive connection
2025/09/01 18:11:31 [info] 10#10: *226 client ::1 closed keepalive connection
2025/09/01 18:12:02 [info] 10#10: *227 client ::1 closed keepalive connection
2025/09/01 18:12:33 [info] 10#10: *228 client ::1 closed keepalive connection
2025/09/01 18:13:04 [info] 10#10: *229 client ::1 closed keepalive connection
2025/09/01 18:13:35 [info] 10#10: *230 client ::1 closed keepalive connection
2025/09/01 18:14:05 [info] 10#10: *231 client ::1 closed keepalive connection
2025/09/01 18:14:36 [info] 10#10: *232 client ::1 closed keepalive connection
2025/09/01 18:15:07 [info] 10#10: *233 client ::1 closed keepalive connection
2025/09/01 18:15:38 [info] 10#10: *234 client ::1 closed keepalive connection
2025/09/01 18:16:09 [info] 10#10: *235 client ::1 closed keepalive connection
2025/09/01 18:16:40 [info] 10#10: *236 client ::1 closed keepalive connection
2025/09/01 18:17:11 [info] 10#10: *237 client ::1 closed keepalive connection
2025/09/01 18:17:43 [info] 10#10: *238 client ::1 closed keepalive connection
2025/09/01 18:18:14 [info] 10#10: *239 client ::1 closed keepalive connection
2025/09/01 18:18:45 [info] 10#10: *240 client ::1 closed keepalive connection
2025/09/01 18:19:16 [info] 10#10: *241 client ::1 closed keepalive connection
2025/09/01 18:19:47 [info] 10#10: *242 client ::1 closed keepalive connection
2025/09/01 18:20:18 [info] 10#10: *243 client ::1 closed keepalive connection
2025/09/01 18:20:48 [info] 10#10: *244 client ::1 closed keepalive connection
2025/09/01 18:21:19 [info] 10#10: *245 client ::1 closed keepalive connection
2025/09/01 18:21:50 [info] 10#10: *246 client ::1 closed keepalive connection
2025/09/01 18:22:21 [info] 10#10: *247 client ::1 closed keepalive connection
2025/09/01 18:22:52 [info] 10#10: *248 client ::1 closed keepalive connection
2025/09/01 18:23:23 [info] 10#10: *249 client ::1 closed keepalive connection
2025/09/01 18:23:54 [info] 10#10: *250 client ::1 closed keepalive connection
2025/09/01 18:24:25 [info] 10#10: *251 client ::1 closed keepalive connection
2025/09/01 18:24:57 [info] 10#10: *252 client ::1 closed keepalive connection
2025/09/01 18:25:28 [info] 10#10: *253 client ::1 closed keepalive connection
2025/09/01 18:25:59 [info] 10#10: *254 client ::1 closed keepalive connection
2025/09/01 18:26:30 [info] 10#10: *255 client ::1 closed keepalive connection
2025/09/01 18:27:01 [info] 10#10: *256 client ::1 closed keepalive connection
2025/09/01 18:27:31 [info] 10#10: *257 client ::1 closed keepalive connection
2025/09/01 18:28:02 [info] 10#10: *258 client ::1 closed keepalive connection
2025/09/01 18:28:33 [info] 10#10: *259 client ::1 closed keepalive connection
2025/09/01 18:29:04 [info] 10#10: *260 client ::1 closed keepalive connection
2025/09/01 18:29:35 [info] 10#10: *261 client ::1 closed keepalive connection
2025/09/01 18:30:06 [info] 10#10: *262 client ::1 closed keepalive connection
2025/09/01 18:30:37 [info] 10#10: *263 client ::1 closed keepalive connection
2025/09/01 18:31:08 [info] 10#10: *264 client ::1 closed keepalive connection
2025/09/01 18:31:39 [info] 10#10: *265 client ::1 closed keepalive connection
2025/09/01 18:32:11 [info] 10#10: *266 client ::1 closed keepalive connection
2025/09/01 18:32:42 [info] 10#10: *267 client ::1 closed keepalive connection
2025/09/01 18:33:13 [info] 10#10: *268 client ::1 closed keepalive connection
2025/09/01 18:33:44 [info] 10#10: *269 client ::1 closed keepalive connection
2025/09/01 18:34:15 [info] 10#10: *270 client ::1 closed keepalive connection
2025/09/01 18:34:45 [info] 10#10: *271 client ::1 closed keepalive connection
2025/09/01 18:35:16 [info] 10#10: *272 client ::1 closed keepalive connection
2025/09/01 18:35:47 [info] 10#10: *273 client ::1 closed keepalive connection
2025/09/01 18:36:18 [info] 10#10: *274 client ::1 closed keepalive connection
2025/09/01 18:36:49 [info] 10#10: *275 client ::1 closed keepalive connection
2025/09/01 18:37:20 [info] 10#10: *276 client ::1 closed keepalive connection
2025/09/01 18:37:51 [info] 10#10: *277 client ::1 closed keepalive connection
2025/09/01 18:38:23 [info] 10#10: *278 client ::1 closed keepalive connection
2025/09/01 18:38:54 [info] 10#10: *279 client ::1 closed keepalive connection
2025/09/01 18:39:25 [info] 10#10: *280 client ::1 closed keepalive connection
2025/09/01 18:39:56 [info] 10#10: *281 client ::1 closed keepalive connection
2025/09/01 18:40:27 [info] 10#10: *282 client ::1 closed keepalive connection
2025/09/01 18:40:58 [info] 10#10: *283 client ::1 closed keepalive connection
2025/09/01 18:41:28 [info] 10#10: *284 client ::1 closed keepalive connection
2025/09/01 18:41:59 [info] 10#10: *285 client ::1 closed keepalive connection
2025/09/01 18:42:30 [info] 10#10: *286 client ::1 closed keepalive connection
2025/09/01 18:43:02 [info] 10#10: *287 client ::1 closed keepalive connection
2025/09/01 18:43:33 [info] 10#10: *288 client ::1 closed keepalive connection
2025/09/01 18:44:04 [info] 10#10: *289 client ::1 closed keepalive connection
2025/09/01 18:44:35 [info] 10#10: *290 client ::1 closed keepalive connection
2025/09/01 18:45:06 [info] 10#10: *291 client ::1 closed keepalive connection
2025/09/01 18:45:37 [info] 10#10: *292 client ::1 closed keepalive connection
2025/09/01 18:46:08 [info] 10#10: *293 client ::1 closed keepalive connection
2025/09/01 18:46:39 [info] 10#10: *294 client ::1 closed keepalive connection
2025/09/01 18:47:10 [info] 10#10: *295 client ::1 closed keepalive connection
2025/09/01 18:47:41 [info] 10#10: *296 client ::1 closed keepalive connection
2025/09/01 18:48:12 [info] 10#10: *297 client ::1 closed keepalive connection
2025/09/01 18:48:43 [info] 10#10: *298 client ::1 closed keepalive connection
2025/09/01 18:49:14 [info] 10#10: *299 client ::1 closed keepalive connection
2025/09/01 18:49:45 [info] 10#10: *300 client ::1 closed keepalive connection
2025/09/01 18:50:16 [info] 10#10: *301 client ::1 closed keepalive connection
2025/09/01 18:50:47 [info] 10#10: *302 client ::1 closed keepalive connection
2025/09/01 18:51:18 [info] 10#10: *303 client ::1 closed keepalive connection
2025/09/01 18:51:48 [info] 10#10: *304 client ::1 closed keepalive connection
2025/09/01 18:52:20 [info] 10#10: *305 client ::1 closed keepalive connection
2025/09/01 18:52:51 [info] 10#10: *306 client ::1 closed keepalive connection
2025/09/01 18:53:22 [info] 10#10: *307 client ::1 closed keepalive connection
2025/09/01 18:53:53 [info] 10#10: *308 client ::1 closed keepalive connection
2025/09/01 18:54:24 [info] 10#10: *309 client ::1 closed keepalive connection
2025/09/01 18:54:55 [info] 10#10: *310 client ::1 closed keepalive connection
2025/09/01 18:55:26 [info] 10#10: *311 client ::1 closed keepalive connection
2025/09/01 18:55:57 [info] 10#10: *312 client ::1 closed keepalive connection
2025/09/01 18:56:28 [info] 10#10: *313 client ::1 closed keepalive connection
2025/09/01 18:57:00 [info] 10#10: *314 client ::1 closed keepalive connection
2025/09/01 18:57:31 [info] 10#10: *315 client ::1 closed keepalive connection
2025/09/01 18:58:02 [info] 10#10: *316 client ::1 closed keepalive connection
2025/09/01 18:58:32 [info] 10#10: *317 client ::1 closed keepalive connection
2025/09/01 18:59:03 [info] 10#10: *318 client ::1 closed keepalive connection
2025/09/01 18:59:34 [info] 10#10: *319 client ::1 closed keepalive connection
2025/09/01 19:00:06 [info] 10#10: *320 client ::1 closed keepalive connection
2025/09/01 19:00:37 [info] 10#10: *321 client ::1 closed keepalive connection
2025/09/01 19:01:08 [info] 10#10: *322 client ::1 closed keepalive connection
2025/09/01 19:01:39 [info] 10#10: *323 client ::1 closed keepalive connection
2025/09/01 19:02:10 [info] 10#10: *324 client ::1 closed keepalive connection
2025/09/01 19:02:41 [info] 10#10: *325 client ::1 closed keepalive connection
2025/09/01 19:03:13 [info] 10#10: *326 client ::1 closed keepalive connection
2025/09/01 19:03:44 [info] 10#10: *327 client ::1 closed keepalive connection
2025/09/01 19:04:15 [info] 10#10: *328 client ::1 closed keepalive connection
2025/09/01 19:04:46 [info] 10#10: *329 client ::1 closed keepalive connection
2025/09/01 19:05:17 [info] 10#10: *330 client ::1 closed keepalive connection
2025/09/01 19:05:47 [info] 10#10: *331 client ::1 closed keepalive connection
2025/09/01 19:06:18 [info] 10#10: *332 client ::1 closed keepalive connection
2025/09/01 19:06:49 [info] 10#10: *333 client ::1 closed keepalive connection
2025/09/01 19:07:21 [info] 10#10: *334 client ::1 closed keepalive connection
2025/09/01 19:07:52 [info] 10#10: *335 client ::1 closed keepalive connection
2025/09/01 19:08:23 [info] 10#10: *336 client ::1 closed keepalive connection
2025/09/01 19:08:54 [info] 10#10: *337 client ::1 closed keepalive connection
2025/09/01 19:09:25 [info] 10#10: *338 client ::1 closed keepalive connection
2025/09/01 19:09:56 [info] 10#10: *339 client ::1 closed keepalive connection
2025/09/01 19:10:27 [info] 10#10: *340 client ::1 closed keepalive connection
2025/09/01 19:10:58 [info] 10#10: *341 client ::1 closed keepalive connection
2025/09/01 19:11:30 [info] 10#10: *342 client ::1 closed keepalive connection
2025/09/01 19:12:01 [info] 10#10: *343 client ::1 closed keepalive connection
2025/09/01 19:12:31 [info] 10#10: *344 client ::1 closed keepalive connection
2025/09/01 19:13:02 [info] 10#10: *345 client ::1 closed keepalive connection
2025/09/01 19:13:33 [info] 10#10: *346 client ::1 closed keepalive connection
2025/09/01 19:14:04 [info] 10#10: *347 client ::1 closed keepalive connection
2025/09/01 19:14:35 [info] 10#10: *348 client ::1 closed keepalive connection
2025/09/01 19:15:06 [info] 10#10: *349 client ::1 closed keepalive connection
2025/09/01 19:15:38 [info] 10#10: *350 client ::1 closed keepalive connection
2025/09/01 19:16:09 [info] 10#10: *351 client ::1 closed keepalive connection
2025/09/01 19:16:40 [info] 10#10: *352 client ::1 closed keepalive connection
2025/09/01 19:17:11 [info] 10#10: *353 client ::1 closed keepalive connection
2025/09/01 19:17:42 [info] 10#10: *354 client ::1 closed keepalive connection
2025/09/01 19:18:13 [info] 10#10: *355 client ::1 closed keepalive connection
2025/09/01 19:18:44 [info] 10#10: *356 client ::1 closed keepalive connection
2025/09/01 19:19:14 [info] 10#10: *357 client ::1 closed keepalive connection
2025/09/01 19:19:45 [info] 10#10: *358 client ::1 closed keepalive connection
2025/09/01 19:20:16 [info] 10#10: *359 client ::1 closed keepalive connection
2025/09/01 19:20:47 [info] 10#10: *360 client ::1 closed keepalive connection
2025/09/01 19:21:18 [info] 10#10: *361 client ::1 closed keepalive connection
2025/09/01 19:21:49 [info] 10#10: *362 client ::1 closed keepalive connection
2025/09/01 19:22:20 [info] 10#10: *363 client ::1 closed keepalive connection
2025/09/01 19:22:52 [info] 10#10: *364 client ::1 closed keepalive connection
2025/09/01 19:23:23 [info] 10#10: *365 client ::1 closed keepalive connection
2025/09/01 19:23:54 [info] 10#10: *366 client ::1 closed keepalive connection
2025/09/01 19:24:25 [info] 10#10: *367 client ::1 closed keepalive connection
2025/09/01 19:24:56 [info] 10#10: *368 client ::1 closed keepalive connection
2025/09/01 19:25:27 [info] 10#10: *369 client ::1 closed keepalive connection
2025/09/01 19:25:57 [info] 10#10: *370 client ::1 closed keepalive connection
2025/09/01 19:26:28 [info] 10#10: *371 client ::1 closed keepalive connection
2025/09/01 19:26:59 [info] 10#10: *372 client ::1 closed keepalive connection
2025/09/01 19:27:30 [info] 10#10: *373 client ::1 closed keepalive connection
2025/09/01 19:28:01 [info] 10#10: *374 client ::1 closed keepalive connection
2025/09/01 19:28:32 [info] 10#10: *375 client ::1 closed keepalive connection
2025/09/01 19:29:03 [info] 10#10: *376 client ::1 closed keepalive connection
2025/09/01 19:29:34 [info] 10#10: *377 client ::1 closed keepalive connection
2025/09/01 19:30:06 [info] 10#10: *378 client ::1 closed keepalive connection
2025/09/01 19:30:37 [info] 10#10: *379 client ::1 closed keepalive connection
2025/09/01 19:31:08 [info] 10#10: *380 client ::1 closed keepalive connection
2025/09/01 19:31:39 [info] 10#10: *381 client ::1 closed keepalive connection
2025/09/01 19:32:10 [info] 10#10: *382 client ::1 closed keepalive connection
2025/09/01 19:32:40 [info] 10#10: *383 client ::1 closed keepalive connection
2025/09/01 19:33:11 [info] 10#10: *384 client ::1 closed keepalive connection
2025/09/01 19:33:43 [info] 10#10: *385 client ::1 closed keepalive connection
2025/09/01 19:34:14 [info] 10#10: *386 client ::1 closed keepalive connection
2025/09/01 19:34:45 [info] 10#10: *387 client ::1 closed keepalive connection
2025/09/01 19:35:16 [info] 10#10: *388 client ::1 closed keepalive connection
2025/09/01 19:35:47 [info] 10#10: *389 client ::1 closed keepalive connection
2025/09/01 19:36:19 [info] 10#10: *390 client ::1 closed keepalive connection
2025/09/01 19:36:50 [info] 10#10: *391 client ::1 closed keepalive connection
2025/09/01 19:37:21 [info] 10#10: *392 client ::1 closed keepalive connection
2025/09/01 19:37:52 [info] 10#10: *393 client ::1 closed keepalive connection
2025/09/01 19:38:23 [info] 10#10: *394 client ::1 closed keepalive connection
2025/09/01 19:38:54 [info] 10#10: *395 client ::1 closed keepalive connection
2025/09/01 19:39:25 [info] 10#10: *396 client ::1 closed keepalive connection
2025/09/01 19:39:56 [info] 10#10: *397 client ::1 closed keepalive connection
2025/09/01 19:40:27 [info] 10#10: *398 client ::1 closed keepalive connection
2025/09/01 19:40:58 [info] 10#10: *399 client ::1 closed keepalive connection
2025/09/01 19:41:29 [info] 10#10: *400 client ::1 closed keepalive connection
2025/09/01 19:42:00 [info] 10#10: *401 client ::1 closed keepalive connection
2025/09/01 19:42:31 [info] 10#10: *402 client ::1 closed keepalive connection
2025/09/01 19:43:02 [info] 10#10: *403 client ::1 closed keepalive connection
2025/09/01 19:43:34 [info] 10#10: *404 client ::1 closed keepalive connection
2025/09/01 19:44:05 [info] 10#10: *405 client ::1 closed keepalive connection
2025/09/01 19:44:36 [info] 10#10: *406 client ::1 closed keepalive connection
2025/09/01 19:45:07 [info] 10#10: *407 client ::1 closed keepalive connection
2025/09/01 19:45:38 [info] 10#10: *408 client ::1 closed keepalive connection
2025/09/01 19:46:09 [info] 10#10: *409 client ::1 closed keepalive connection
2025/09/01 19:46:39 [info] 10#10: *410 client ::1 closed keepalive connection
2025/09/01 19:47:11 [info] 10#10: *411 client ::1 closed keepalive connection
2025/09/01 19:47:42 [info] 10#10: *412 client ::1 closed keepalive connection
2025/09/01 19:48:13 [info] 10#10: *413 client ::1 closed keepalive connection
2025/09/01 19:48:44 [info] 10#10: *414 client ::1 closed keepalive connection
2025/09/01 19:49:15 [info] 10#10: *415 client ::1 closed keepalive connection
2025/09/01 19:49:47 [info] 10#10: *416 client ::1 closed keepalive connection
2025/09/01 19:50:18 [info] 10#10: *417 client ::1 closed keepalive connection
2025/09/01 19:50:49 [info] 10#10: *418 client ::1 closed keepalive connection
2025/09/01 19:51:20 [info] 10#10: *419 client ::1 closed keepalive connection
2025/09/01 19:51:51 [info] 10#10: *420 client ::1 closed keepalive connection
2025/09/01 19:52:23 [info] 10#10: *421 client ::1 closed keepalive connection
2025/09/01 19:52:54 [info] 10#10: *422 client ::1 closed keepalive connection
2025/09/01 19:53:24 [info] 10#10: *423 client ::1 closed keepalive connection
2025/09/01 19:53:55 [info] 10#10: *424 client ::1 closed keepalive connection
2025/09/01 19:54:27 [info] 10#10: *425 client ::1 closed keepalive connection
2025/09/01 19:54:58 [info] 10#10: *426 client ::1 closed keepalive connection
2025/09/01 19:55:29 [info] 10#10: *427 client ::1 closed keepalive connection
2025/09/01 19:56:00 [info] 10#10: *428 client ::1 closed keepalive connection
2025/09/01 19:56:32 [info] 10#10: *429 client ::1 closed keepalive connection
2025/09/01 19:57:03 [info] 10#10: *430 client ::1 closed keepalive connection
2025/09/01 19:57:34 [info] 10#10: *431 client ::1 closed keepalive connection
2025/09/01 19:58:05 [info] 10#10: *432 client ::1 closed keepalive connection
2025/09/01 19:58:37 [info] 10#10: *433 client ::1 closed keepalive connection
2025/09/01 19:59:08 [info] 10#10: *434 client ::1 closed keepalive connection
2025/09/01 19:59:39 [info] 10#10: *435 client ::1 closed keepalive connection
2025/09/01 20:00:10 [info] 10#10: *436 client ::1 closed keepalive connection
2025/09/01 20:00:40 [info] 10#10: *437 client ::1 closed keepalive connection
2025/09/01 20:01:12 [info] 10#10: *438 client ::1 closed keepalive connection
2025/09/01 20:01:43 [info] 10#10: *439 client ::1 closed keepalive connection
2025/09/01 20:02:14 [info] 10#10: *440 client ::1 closed keepalive connection
2025/09/01 20:02:45 [info] 10#10: *441 client ::1 closed keepalive connection
2025/09/01 20:03:17 [info] 10#10: *442 client ::1 closed keepalive connection
2025/09/01 20:03:48 [info] 10#10: *443 client ::1 closed keepalive connection
2025/09/01 20:04:19 [info] 10#10: *444 client ::1 closed keepalive connection
2025/09/01 20:04:50 [info] 10#10: *445 client ::1 closed keepalive connection
2025/09/01 20:05:22 [info] 10#10: *446 client ::1 closed keepalive connection
2025/09/01 20:05:53 [info] 10#10: *447 client ::1 closed keepalive connection
2025/09/01 20:06:24 [info] 10#10: *448 client ::1 closed keepalive connection
2025/09/01 20:06:55 [info] 10#10: *449 client ::1 closed keepalive connection
2025/09/01 20:07:25 [info] 10#10: *450 client ::1 closed keepalive connection
2025/09/01 20:07:56 [info] 10#10: *451 client ::1 closed keepalive connection
2025/09/01 20:08:28 [info] 10#10: *452 client ::1 closed keepalive connection
2025/09/01 20:08:59 [info] 10#10: *453 client ::1 closed keepalive connection
2025/09/01 20:09:30 [info] 10#10: *454 client ::1 closed keepalive connection
2025/09/01 20:10:01 [info] 10#10: *455 client ::1 closed keepalive connection
2025/09/01 20:10:32 [info] 10#10: *456 client ::1 closed keepalive connection
2025/09/01 20:11:04 [info] 10#10: *457 client ::1 closed keepalive connection
2025/09/01 20:11:35 [info] 10#10: *458 client ::1 closed keepalive connection
2025/09/01 20:12:06 [info] 10#10: *459 client ::1 closed keepalive connection
2025/09/01 20:12:37 [info] 10#10: *460 client ::1 closed keepalive connection
2025/09/01 20:13:08 [info] 10#10: *461 client ::1 closed keepalive connection
2025/09/01 20:13:40 [info] 10#10: *462 client ::1 closed keepalive connection
2025/09/01 20:14:10 [info] 10#10: *463 client ::1 closed keepalive connection
2025/09/01 20:14:41 [info] 10#10: *464 client ::1 closed keepalive connection
2025/09/01 20:15:12 [info] 10#10: *465 client ::1 closed keepalive connection
2025/09/01 20:15:43 [info] 10#10: *466 client ::1 closed keepalive connection
2025/09/01 20:16:14 [info] 10#10: *467 client ::1 closed keepalive connection
2025/09/01 20:16:46 [info] 10#10: *468 client ::1 closed keepalive connection
2025/09/01 20:17:17 [info] 10#10: *469 client ::1 closed keepalive connection
2025/09/01 20:17:48 [info] 10#10: *470 client ::1 closed keepalive connection
2025/09/01 20:18:20 [info] 10#10: *471 client ::1 closed keepalive connection
2025/09/01 20:18:51 [info] 10#10: *472 client ::1 closed keepalive connection
2025/09/01 20:19:22 [info] 10#10: *473 client ::1 closed keepalive connection
2025/09/01 20:19:53 [info] 10#10: *474 client ::1 closed keepalive connection
2025/09/01 20:20:25 [info] 10#10: *475 client ::1 closed keepalive connection
2025/09/01 20:20:55 [info] 10#10: *476 client ::1 closed keepalive connection
2025/09/01 20:21:26 [info] 10#10: *477 client ::1 closed keepalive connection
2025/09/01 20:21:57 [info] 10#10: *478 client ::1 closed keepalive connection
2025/09/01 20:22:29 [info] 10#10: *479 client ::1 closed keepalive connection
2025/09/01 20:23:00 [info] 10#10: *480 client ::1 closed keepalive connection
2025/09/01 20:23:31 [info] 10#10: *481 client ::1 closed keepalive connection
2025/09/01 20:24:03 [info] 10#10: *482 client ::1 closed keepalive connection
2025/09/01 20:24:34 [info] 10#10: *483 client ::1 closed keepalive connection
2025/09/01 20:25:05 [info] 10#10: *484 client ::1 closed keepalive connection
2025/09/01 20:25:36 [info] 10#10: *485 client ::1 closed keepalive connection
2025/09/01 20:26:08 [info] 10#10: *486 client ::1 closed keepalive connection
2025/09/01 20:26:39 [info] 10#10: *487 client ::1 closed keepalive connection
2025/09/01 20:27:10 [info] 10#10: *488 client ::1 closed keepalive connection
2025/09/01 20:27:40 [info] 10#10: *489 client ::1 closed keepalive connection
2025/09/01 20:28:12 [info] 10#10: *490 client ::1 closed keepalive connection
2025/09/01 20:28:43 [info] 10#10: *491 client ::1 closed keepalive connection
2025/09/01 20:29:14 [info] 10#10: *492 client ::1 closed keepalive connection
2025/09/01 20:29:46 [info] 10#10: *493 client ::1 closed keepalive connection
2025/09/01 20:30:17 [info] 10#10: *494 client ::1 closed keepalive connection
2025/09/01 20:30:48 [info] 10#10: *495 client ::1 closed keepalive connection
2025/09/01 20:31:20 [info] 10#10: *496 client ::1 closed keepalive connection
2025/09/01 20:31:51 [info] 10#10: *497 client ::1 closed keepalive connection
2025/09/01 20:32:22 [info] 10#10: *498 client ::1 closed keepalive connection
2025/09/01 20:32:54 [info] 10#10: *499 client ::1 closed keepalive connection
2025/09/01 20:33:25 [info] 10#10: *500 client ::1 closed keepalive connection
2025/09/01 20:33:56 [info] 10#10: *501 client ::1 closed keepalive connection
2025/09/01 20:34:27 [info] 10#10: *502 client ::1 closed keepalive connection
2025/09/01 20:34:57 [info] 10#10: *503 client ::1 closed keepalive connection
2025/09/01 20:35:29 [info] 10#10: *504 client ::1 closed keepalive connection
2025/09/01 20:36:00 [info] 10#10: *505 client ::1 closed keepalive connection
2025/09/01 20:36:31 [info] 10#10: *506 client ::1 closed keepalive connection
2025/09/01 20:37:03 [info] 10#10: *507 client ::1 closed keepalive connection
2025/09/01 20:37:34 [info] 10#10: *508 client ::1 closed keepalive connection
2025/09/01 20:38:05 [info] 10#10: *509 client ::1 closed keepalive connection
2025/09/01 20:38:37 [info] 10#10: *510 client ::1 closed keepalive connection
2025/09/01 20:39:08 [info] 10#10: *511 client ::1 closed keepalive connection
2025/09/01 20:39:39 [info] 10#10: *512 client ::1 closed keepalive connection
2025/09/01 20:40:11 [info] 10#10: *513 client ::1 closed keepalive connection
2025/09/01 20:40:42 [info] 10#10: *514 client ::1 closed keepalive connection
2025/09/01 20:41:14 [info] 10#10: *515 client ::1 closed keepalive connection
2025/09/01 20:41:44 [info] 10#10: *516 client ::1 closed keepalive connection
2025/09/01 20:42:15 [info] 10#10: *517 client ::1 closed keepalive connection
2025/09/01 20:42:46 [info] 10#10: *518 client ::1 closed keepalive connection
2025/09/01 20:43:18 [info] 10#10: *519 client ::1 closed keepalive connection
2025/09/01 20:43:49 [info] 10#10: *520 client ::1 closed keepalive connection
2025/09/01 20:44:21 [info] 10#10: *521 client ::1 closed keepalive connection
2025/09/01 20:44:52 [info] 10#10: *522 client ::1 closed keepalive connection
2025/09/01 20:45:24 [info] 10#10: *523 client ::1 closed keepalive connection
2025/09/01 20:45:55 [info] 10#10: *524 client ::1 closed keepalive connection
2025/09/01 20:46:26 [info] 10#10: *525 client ::1 closed keepalive connection
2025/09/01 20:46:58 [info] 10#10: *526 client ::1 closed keepalive connection
2025/09/01 20:47:29 [info] 10#10: *527 client ::1 closed keepalive connection
2025/09/01 20:48:01 [info] 10#10: *528 client ::1 closed keepalive connection
2025/09/01 20:48:31 [info] 10#10: *529 client ::1 closed keepalive connection
2025/09/01 20:49:02 [info] 10#10: *530 client ::1 closed keepalive connection
2025/09/01 20:49:34 [info] 10#10: *531 client ::1 closed keepalive connection
2025/09/01 20:50:05 [info] 10#10: *532 client ::1 closed keepalive connection
2025/09/01 20:50:36 [info] 10#10: *533 client ::1 closed keepalive connection
2025/09/01 20:51:08 [info] 10#10: *534 client ::1 closed keepalive connection
2025/09/01 20:51:39 [info] 10#10: *535 client ::1 closed keepalive connection
2025/09/01 20:52:10 [info] 10#10: *536 client ::1 closed keepalive connection
2025/09/01 20:52:42 [info] 10#10: *537 client ::1 closed keepalive connection
2025/09/01 20:53:13 [info] 10#10: *538 client ::1 closed keepalive connection
2025/09/01 20:53:45 [info] 10#10: *539 client ::1 closed keepalive connection
2025/09/01 20:54:16 [info] 10#10: *540 client ::1 closed keepalive connection
2025/09/01 20:54:47 [info] 10#10: *541 client ::1 closed keepalive connection
2025/09/01 20:55:17 [info] 10#10: *542 client ::1 closed keepalive connection
2025/09/01 20:55:49 [info] 10#10: *543 client ::1 closed keepalive connection
2025/09/01 20:56:20 [info] 10#10: *544 client ::1 closed keepalive connection
2025/09/01 20:56:52 [info] 10#10: *545 client ::1 closed keepalive connection
2025/09/01 20:57:23 [info] 10#10: *546 client ::1 closed keepalive connection
2025/09/01 20:57:54 [info] 10#10: *547 client ::1 closed keepalive connection
2025/09/01 20:58:26 [info] 10#10: *548 client ::1 closed keepalive connection
2025/09/01 20:58:57 [info] 10#10: *549 client ::1 closed keepalive connection
2025/09/01 20:59:29 [info] 10#10: *550 client ::1 closed keepalive connection
2025/09/01 21:00:00 [info] 10#10: *551 client ::1 closed keepalive connection
2025/09/01 21:00:31 [info] 10#10: *552 client ::1 closed keepalive connection
2025/09/01 21:01:03 [info] 10#10: *553 client ::1 closed keepalive connection
2025/09/01 21:01:34 [info] 10#10: *554 client ::1 closed keepalive connection
2025/09/01 21:02:05 [info] 10#10: *555 client ::1 closed keepalive connection
2025/09/01 21:02:35 [info] 10#10: *556 client ::1 closed keepalive connection
2025/09/01 21:03:07 [info] 10#10: *557 client ::1 closed keepalive connection
2025/09/01 21:03:38 [info] 10#10: *558 client ::1 closed keepalive connection
2025/09/01 21:04:09 [info] 10#10: *559 client ::1 closed keepalive connection
2025/09/01 21:04:40 [info] 10#10: *560 client ::1 closed keepalive connection
2025/09/01 21:05:12 [info] 10#10: *561 client ::1 closed keepalive connection
2025/09/01 21:05:43 [info] 10#10: *562 client ::1 closed keepalive connection
2025/09/01 21:06:14 [info] 10#10: *563 client ::1 closed keepalive connection
2025/09/01 21:06:45 [info] 10#10: *564 client ::1 closed keepalive connection
2025/09/01 21:07:17 [info] 10#10: *565 client ::1 closed keepalive connection
2025/09/01 21:07:48 [info] 10#10: *566 client ::1 closed keepalive connection
2025/09/01 21:08:19 [info] 10#10: *567 client ::1 closed keepalive connection
2025/09/01 21:08:50 [info] 10#10: *568 client ::1 closed keepalive connection
2025/09/01 21:09:20 [info] 10#10: *569 client ::1 closed keepalive connection
2025/09/01 21:09:52 [info] 10#10: *570 client ::1 closed keepalive connection
2025/09/01 21:10:23 [info] 10#10: *571 client ::1 closed keepalive connection
2025/09/01 21:10:54 [info] 10#10: *572 client ::1 closed keepalive connection
2025/09/01 21:11:25 [info] 10#10: *573 client ::1 closed keepalive connection
2025/09/01 21:11:57 [info] 10#10: *574 client ::1 closed keepalive connection
2025/09/01 21:12:28 [info] 10#10: *575 client ::1 closed keepalive connection
2025/09/01 21:12:59 [info] 10#10: *576 client ::1 closed keepalive connection
2025/09/01 21:13:31 [info] 10#10: *577 client ::1 closed keepalive connection
2025/09/01 21:14:02 [info] 10#10: *578 client ::1 closed keepalive connection
2025/09/01 21:14:33 [info] 10#10: *579 client ::1 closed keepalive connection
2025/09/01 21:15:05 [info] 10#10: *580 client ::1 closed keepalive connection
2025/09/01 21:15:36 [info] 10#10: *581 client ::1 closed keepalive connection
2025/09/01 21:16:06 [info] 10#10: *582 client ::1 closed keepalive connection
2025/09/01 21:16:38 [info] 10#10: *583 client ::1 closed keepalive connection
2025/09/01 21:17:09 [info] 10#10: *584 client ::1 closed keepalive connection
2025/09/01 21:17:40 [info] 10#10: *585 client ::1 closed keepalive connection
2025/09/01 21:18:12 [info] 10#10: *586 client ::1 closed keepalive connection
2025/09/01 21:18:43 [info] 10#10: *587 client ::1 closed keepalive connection
2025/09/01 21:19:15 [info] 10#10: *588 client ::1 closed keepalive connection
2025/09/01 21:19:46 [info] 10#10: *589 client ::1 closed keepalive connection
2025/09/01 21:20:17 [info] 10#10: *590 client ::1 closed keepalive connection
2025/09/01 21:20:49 [info] 10#10: *591 client ::1 closed keepalive connection
2025/09/01 21:21:20 [info] 10#10: *592 client ::1 closed keepalive connection
2025/09/01 21:21:51 [info] 10#10: *593 client ::1 closed keepalive connection
2025/09/01 21:22:23 [info] 10#10: *594 client ::1 closed keepalive connection
2025/09/01 21:22:53 [info] 10#10: *595 client ::1 closed keepalive connection
2025/09/01 21:23:24 [info] 10#10: *596 client ::1 closed keepalive connection
2025/09/01 21:23:56 [info] 10#10: *597 client ::1 closed keepalive connection
2025/09/01 21:24:27 [info] 10#10: *598 client ::1 closed keepalive connection
2025/09/01 21:24:58 [info] 10#10: *599 client ::1 closed keepalive connection
2025/09/01 21:25:30 [info] 10#10: *600 client ::1 closed keepalive connection
2025/09/01 21:26:01 [info] 10#10: *601 client ::1 closed keepalive connection
2025/09/01 21:26:33 [info] 10#10: *602 client ::1 closed keepalive connection
2025/09/01 21:27:04 [info] 10#10: *603 client ::1 closed keepalive connection
2025/09/01 21:27:35 [info] 10#10: *604 client ::1 closed keepalive connection
2025/09/01 21:28:07 [info] 10#10: *605 client ::1 closed keepalive connection
2025/09/01 21:28:38 [info] 10#10: *606 client ::1 closed keepalive connection
2025/09/01 21:29:10 [info] 10#10: *607 client ::1 closed keepalive connection
2025/09/01 21:29:41 [info] 10#10: *608 client ::1 closed keepalive connection
2025/09/01 21:30:11 [info] 10#10: *609 client ::1 closed keepalive connection
2025/09/01 21:30:43 [info] 10#10: *610 client ::1 closed keepalive connection
2025/09/01 21:31:14 [info] 10#10: *611 client ::1 closed keepalive connection
2025/09/01 21:31:46 [info] 10#10: *612 client ::1 closed keepalive connection
2025/09/01 21:32:17 [info] 10#10: *613 client ::1 closed keepalive connection
2025/09/01 21:32:49 [info] 10#10: *614 client ::1 closed keepalive connection
2025/09/01 21:33:20 [info] 10#10: *615 client ::1 closed keepalive connection
2025/09/01 21:33:51 [info] 10#10: *616 client ::1 closed keepalive connection
2025/09/01 21:34:23 [info] 10#10: *617 client ::1 closed keepalive connection
2025/09/01 21:34:54 [info] 10#10: *618 client ::1 closed keepalive connection
2025/09/01 21:35:26 [info] 10#10: *619 client ::1 closed keepalive connection
2025/09/01 21:35:57 [info] 10#10: *620 client ::1 closed keepalive connection
2025/09/01 21:36:29 [info] 10#10: *621 client ::1 closed keepalive connection
2025/09/01 21:36:59 [info] 10#10: *622 client ::1 closed keepalive connection
2025/09/01 21:37:30 [info] 10#10: *623 client ::1 closed keepalive connection
2025/09/01 21:38:02 [info] 10#10: *624 client ::1 closed keepalive connection
2025/09/01 21:38:33 [info] 10#10: *625 client ::1 closed keepalive connection
2025/09/01 21:39:04 [info] 10#10: *626 client ::1 closed keepalive connection
2025/09/01 21:39:36 [info] 10#10: *627 client ::1 closed keepalive connection
2025/09/01 21:40:07 [info] 10#10: *628 client ::1 closed keepalive connection
2025/09/01 21:40:38 [info] 10#10: *629 client ::1 closed keepalive connection
2025/09/01 21:41:10 [info] 10#10: *630 client ::1 closed keepalive connection
2025/09/01 21:41:41 [info] 10#10: *631 client ::1 closed keepalive connection
2025/09/01 21:42:12 [info] 10#10: *632 client ::1 closed keepalive connection
2025/09/01 21:42:43 [info] 10#10: *633 client ::1 closed keepalive connection
2025/09/01 21:43:14 [info] 10#10: *634 client ::1 closed keepalive connection
2025/09/01 21:43:45 [info] 10#10: *635 client ::1 closed keepalive connection
2025/09/01 21:44:16 [info] 10#10: *636 client ::1 closed keepalive connection
2025/09/01 21:44:47 [info] 10#10: *637 client ::1 closed keepalive connection
2025/09/01 21:45:18 [info] 10#10: *638 client ::1 closed keepalive connection
2025/09/01 21:45:50 [info] 10#10: *639 client ::1 closed keepalive connection
2025/09/01 21:46:21 [info] 10#10: *640 client ::1 closed keepalive connection
2025/09/01 21:46:52 [info] 10#10: *641 client ::1 closed keepalive connection
2025/09/01 21:47:23 [info] 10#10: *642 client ::1 closed keepalive connection
2025/09/01 21:47:55 [info] 10#10: *643 client ::1 closed keepalive connection
2025/09/01 21:48:26 [info] 10#10: *644 client ::1 closed keepalive connection
2025/09/01 21:48:57 [info] 10#10: *645 client ::1 closed keepalive connection
2025/09/01 21:49:29 [info] 10#10: *646 client ::1 closed keepalive connection
2025/09/01 21:50:00 [info] 10#10: *647 client ::1 closed keepalive connection
2025/09/01 21:50:30 [info] 10#10: *648 client ::1 closed keepalive connection
2025/09/01 21:51:02 [info] 10#10: *649 client ::1 closed keepalive connection
2025/09/01 21:51:33 [info] 10#10: *650 client ::1 closed keepalive connection
2025/09/01 21:52:04 [info] 10#10: *651 client ::1 closed keepalive connection
2025/09/01 21:52:36 [info] 10#10: *652 client ::1 closed keepalive connection
2025/09/01 21:53:07 [info] 10#10: *653 client ::1 closed keepalive connection
2025/09/01 21:53:38 [info] 10#10: *654 client ::1 closed keepalive connection
2025/09/01 21:54:10 [info] 10#10: *655 client ::1 closed keepalive connection
2025/09/01 21:54:41 [info] 10#10: *656 client ::1 closed keepalive connection
2025/09/01 21:55:13 [info] 10#10: *657 client ::1 closed keepalive connection
2025/09/01 21:55:44 [info] 10#10: *658 client ::1 closed keepalive connection
2025/09/01 21:56:15 [info] 10#10: *659 client ::1 closed keepalive connection
2025/09/01 21:56:47 [info] 10#10: *660 client ::1 closed keepalive connection
2025/09/01 21:57:18 [info] 10#10: *661 client ::1 closed keepalive connection
2025/09/01 21:57:48 [info] 10#10: *662 client ::1 closed keepalive connection
2025/09/01 21:58:19 [info] 10#10: *663 client ::1 closed keepalive connection
2025/09/01 21:58:51 [info] 10#10: *664 client ::1 closed keepalive connection
2025/09/01 21:59:22 [info] 10#10: *665 client ::1 closed keepalive connection
2025/09/01 21:59:54 [info] 10#10: *666 client ::1 closed keepalive connection
2025/09/01 22:00:25 [info] 10#10: *667 client ::1 closed keepalive connection
2025/09/01 22:00:56 [info] 10#10: *668 client ::1 closed keepalive connection
2025/09/01 22:01:27 [info] 10#10: *669 client ::1 closed keepalive connection
2025/09/01 22:01:59 [info] 10#10: *670 client ::1 closed keepalive connection
2025/09/01 22:02:30 [info] 10#10: *671 client ::1 closed keepalive connection
2025/09/01 22:03:01 [info] 10#10: *672 client ::1 closed keepalive connection
2025/09/01 22:03:32 [info] 10#10: *673 client ::1 closed keepalive connection
2025/09/01 22:04:03 [info] 10#10: *674 client ::1 closed keepalive connection
2025/09/01 22:04:34 [info] 10#10: *675 client ::1 closed keepalive connection
2025/09/01 22:05:05 [info] 10#10: *676 client ::1 closed keepalive connection
2025/09/01 22:05:36 [info] 10#10: *677 client ::1 closed keepalive connection
2025/09/01 22:06:07 [info] 10#10: *678 client ::1 closed keepalive connection
2025/09/01 22:06:39 [info] 10#10: *679 client ::1 closed keepalive connection
2025/09/01 22:07:10 [info] 10#10: *680 client ::1 closed keepalive connection
2025/09/01 22:07:41 [info] 10#10: *681 client ::1 closed keepalive connection
2025/09/01 22:08:12 [info] 10#10: *682 client ::1 closed keepalive connection
2025/09/01 22:08:44 [info] 10#10: *683 client ::1 closed keepalive connection
2025/09/01 22:09:15 [info] 10#10: *684 client ::1 closed keepalive connection
2025/09/01 22:09:46 [info] 10#10: *685 client ::1 closed keepalive connection
2025/09/01 22:10:18 [info] 10#10: *686 client ::1 closed keepalive connection
2025/09/01 22:10:49 [info] 10#10: *687 client ::1 closed keepalive connection
2025/09/01 22:11:19 [info] 10#10: *688 client ::1 closed keepalive connection
2025/09/01 22:11:50 [info] 10#10: *689 client ::1 closed keepalive connection
2025/09/01 22:12:22 [info] 10#10: *690 client ::1 closed keepalive connection
2025/09/01 22:12:53 [info] 10#10: *691 client ::1 closed keepalive connection
2025/09/01 22:13:24 [info] 10#10: *692 client ::1 closed keepalive connection
2025/09/01 22:13:56 [info] 10#10: *693 client ::1 closed keepalive connection
2025/09/01 22:14:27 [info] 10#10: *694 client ::1 closed keepalive connection
2025/09/01 22:14:59 [info] 10#10: *695 client ::1 closed keepalive connection
2025/09/01 22:15:30 [info] 10#10: *696 client ::1 closed keepalive connection
2025/09/01 22:16:01 [info] 10#10: *697 client ::1 closed keepalive connection
2025/09/01 22:16:33 [info] 10#10: *698 client ::1 closed keepalive connection
2025/09/01 22:17:04 [info] 10#10: *699 client ::1 closed keepalive connection
2025/09/01 22:17:36 [info] 10#10: *700 client ::1 closed keepalive connection
2025/09/01 22:18:06 [info] 10#10: *701 client ::1 closed keepalive connection
2025/09/01 22:18:37 [info] 10#10: *702 client ::1 closed keepalive connection
2025/09/01 22:19:09 [info] 10#10: *703 client ::1 closed keepalive connection
2025/09/01 22:19:40 [info] 10#10: *704 client ::1 closed keepalive connection
2025/09/01 22:20:11 [info] 10#10: *705 client ::1 closed keepalive connection
2025/09/01 22:20:43 [info] 10#10: *706 client ::1 closed keepalive connection
2025/09/01 22:21:14 [info] 10#10: *707 client ::1 closed keepalive connection
2025/09/01 22:21:45 [info] 10#10: *708 client ::1 closed keepalive connection
2025/09/01 22:22:16 [info] 10#10: *709 client ::1 closed keepalive connection
2025/09/01 22:22:48 [info] 10#10: *710 client ::1 closed keepalive connection
2025/09/01 22:23:19 [info] 10#10: *711 client ::1 closed keepalive connection
2025/09/01 22:23:50 [info] 10#10: *712 client ::1 closed keepalive connection
2025/09/01 22:24:22 [info] 10#10: *713 client ::1 closed keepalive connection
2025/09/01 22:24:53 [info] 10#10: *714 client ::1 closed keepalive connection
2025/09/01 22:25:23 [info] 10#10: *715 client ::1 closed keepalive connection
2025/09/01 22:25:54 [info] 10#10: *716 client ::1 closed keepalive connection
2025/09/01 22:26:25 [info] 10#10: *717 client ::1 closed keepalive connection
2025/09/01 22:26:57 [info] 10#10: *718 client ::1 closed keepalive connection
2025/09/01 22:27:28 [info] 10#10: *719 client ::1 closed keepalive connection
2025/09/01 22:27:59 [info] 10#10: *720 client ::1 closed keepalive connection
2025/09/01 22:28:31 [info] 10#10: *721 client ::1 closed keepalive connection
2025/09/01 22:29:02 [info] 10#10: *722 client ::1 closed keepalive connection
2025/09/01 22:29:33 [info] 10#10: *723 client ::1 closed keepalive connection
2025/09/01 22:30:05 [info] 10#10: *724 client ::1 closed keepalive connection
2025/09/01 22:30:36 [info] 10#10: *725 client ::1 closed keepalive connection
2025/09/01 22:31:08 [info] 10#10: *726 client ::1 closed keepalive connection
2025/09/01 22:31:39 [info] 10#10: *727 client ::1 closed keepalive connection
2025/09/01 22:32:09 [info] 10#10: *728 client ::1 closed keepalive connection
2025/09/01 22:32:41 [info] 10#10: *729 client ::1 closed keepalive connection
2025/09/01 22:33:12 [info] 10#10: *730 client ::1 closed keepalive connection
2025/09/01 22:33:44 [info] 10#10: *731 client ::1 closed keepalive connection
2025/09/01 22:34:15 [info] 10#10: *732 client ::1 closed keepalive connection
2025/09/01 22:34:47 [info] 10#10: *733 client ::1 closed keepalive connection
2025/09/01 22:35:18 [info] 10#10: *734 client ::1 closed keepalive connection
2025/09/01 22:35:50 [info] 10#10: *735 client ::1 closed keepalive connection
2025/09/01 22:36:21 [info] 10#10: *736 client ::1 closed keepalive connection
2025/09/01 22:36:52 [info] 10#10: *737 client ::1 closed keepalive connection
2025/09/01 22:37:24 [info] 10#10: *738 client ::1 closed keepalive connection
2025/09/01 22:37:55 [info] 10#10: *739 client ::1 closed keepalive connection
2025/09/01 22:38:27 [info] 10#10: *740 client ::1 closed keepalive connection
2025/09/01 22:38:57 [info] 10#10: *741 client ::1 closed keepalive connection
2025/09/01 22:39:28 [info] 10#10: *742 client ::1 closed keepalive connection
2025/09/01 22:39:59 [info] 10#10: *743 client ::1 closed keepalive connection
2025/09/01 22:40:31 [info] 10#10: *744 client ::1 closed keepalive connection
2025/09/01 22:41:02 [info] 10#10: *745 client ::1 closed keepalive connection
2025/09/01 22:41:34 [info] 10#10: *746 client ::1 closed keepalive connection
2025/09/01 22:42:05 [info] 10#10: *747 client ::1 closed keepalive connection
2025/09/01 22:42:37 [info] 10#10: *748 client ::1 closed keepalive connection
2025/09/01 22:43:08 [info] 10#10: *749 client ::1 closed keepalive connection
2025/09/01 22:43:40 [info] 10#10: *750 client ::1 closed keepalive connection
2025/09/01 22:44:11 [info] 10#10: *751 client ::1 closed keepalive connection
2025/09/01 22:44:43 [info] 10#10: *752 client ::1 closed keepalive connection
2025/09/01 22:45:14 [info] 10#10: *753 client ::1 closed keepalive connection
2025/09/01 22:45:44 [info] 10#10: *754 client ::1 closed keepalive connection
2025/09/01 22:46:15 [info] 10#10: *755 client ::1 closed keepalive connection
2025/09/01 22:46:47 [info] 10#10: *756 client ::1 closed keepalive connection
2025/09/01 22:47:18 [info] 10#10: *757 client ::1 closed keepalive connection
2025/09/01 22:47:50 [info] 10#10: *758 client ::1 closed keepalive connection
2025/09/01 22:48:21 [info] 10#10: *759 client ::1 closed keepalive connection
2025/09/01 22:48:53 [info] 10#10: *760 client ::1 closed keepalive connection
2025/09/01 22:49:24 [info] 10#10: *761 client ::1 closed keepalive connection
2025/09/01 22:49:55 [info] 10#10: *762 client ::1 closed keepalive connection
2025/09/01 22:50:27 [info] 10#10: *763 client ::1 closed keepalive connection
2025/09/01 22:50:58 [info] 10#10: *764 client ::1 closed keepalive connection
2025/09/01 22:51:30 [info] 10#10: *765 client ::1 closed keepalive connection
2025/09/01 22:52:01 [info] 10#10: *766 client ::1 closed keepalive connection
2025/09/01 22:52:33 [info] 10#10: *767 client ::1 closed keepalive connection
2025/09/01 22:53:03 [info] 10#10: *768 client ::1 closed keepalive connection
2025/09/01 22:53:34 [info] 10#10: *769 client ::1 closed keepalive connection
2025/09/01 22:54:06 [info] 10#10: *770 client ::1 closed keepalive connection
2025/09/01 22:54:38 [info] 10#10: *771 client ::1 closed keepalive connection
2025/09/01 22:55:09 [info] 10#10: *772 client ::1 closed keepalive connection
2025/09/01 22:55:40 [info] 10#10: *773 client ::1 closed keepalive connection
2025/09/01 22:56:12 [info] 10#10: *774 client ::1 closed keepalive connection
2025/09/01 22:56:44 [info] 10#10: *775 client ::1 closed keepalive connection
2025/09/01 22:57:15 [info] 10#10: *776 client ::1 closed keepalive connection
2025/09/01 22:57:47 [info] 10#10: *777 client ::1 closed keepalive connection
2025/09/01 22:58:18 [info] 10#10: *778 client ::1 closed keepalive connection
2025/09/01 22:58:49 [info] 10#10: *779 client ::1 closed keepalive connection
2025/09/01 22:59:21 [info] 10#10: *780 client ::1 closed keepalive connection
2025/09/01 22:59:51 [info] 10#10: *781 client ::1 closed keepalive connection
2025/09/01 23:00:22 [info] 10#10: *782 client ::1 closed keepalive connection
2025/09/01 23:00:54 [info] 10#10: *783 client ::1 closed keepalive connection
2025/09/01 23:01:25 [info] 10#10: *784 client ::1 closed keepalive connection
2025/09/01 23:01:57 [info] 10#10: *785 client ::1 closed keepalive connection
2025/09/01 23:02:28 [info] 10#10: *786 client ::1 closed keepalive connection
2025/09/01 23:03:00 [info] 10#10: *787 client ::1 closed keepalive connection
2025/09/01 23:03:31 [info] 10#10: *788 client ::1 closed keepalive connection
2025/09/01 23:04:03 [info] 10#10: *789 client ::1 closed keepalive connection
2025/09/01 23:04:34 [info] 10#10: *790 client ::1 closed keepalive connection
2025/09/01 23:05:06 [info] 10#10: *791 client ::1 closed keepalive connection
2025/09/01 23:05:37 [info] 10#10: *792 client ::1 closed keepalive connection
2025/09/01 23:06:07 [info] 10#10: *793 client ::1 closed keepalive connection
2025/09/01 23:06:39 [info] 10#10: *794 client ::1 closed keepalive connection
2025/09/01 23:07:11 [info] 10#10: *795 client ::1 closed keepalive connection
2025/09/01 23:07:42 [info] 10#10: *796 client ::1 closed keepalive connection
2025/09/01 23:08:14 [info] 10#10: *797 client ::1 closed keepalive connection
2025/09/01 23:08:45 [info] 10#10: *798 client ::1 closed keepalive connection
2025/09/01 23:09:17 [info] 10#10: *799 client ::1 closed keepalive connection
2025/09/01 23:09:48 [info] 10#10: *800 client ::1 closed keepalive connection
2025/09/01 23:10:18 [info] 10#10: *801 client ::1 closed keepalive connection
2025/09/01 23:10:50 [info] 10#10: *802 client ::1 closed keepalive connection
2025/09/01 23:11:21 [info] 10#10: *803 client ::1 closed keepalive connection
2025/09/01 23:11:53 [info] 10#10: *804 client ::1 closed keepalive connection
2025/09/01 23:12:24 [info] 10#10: *805 client ::1 closed keepalive connection
2025/09/01 23:12:56 [info] 10#10: *806 client ::1 closed keepalive connection
2025/09/01 23:13:28 [info] 10#10: *807 client ::1 closed keepalive connection
2025/09/01 23:13:59 [info] 10#10: *808 client ::1 closed keepalive connection
2025/09/01 23:14:31 [info] 10#10: *809 client ::1 closed keepalive connection
2025/09/01 23:15:02 [info] 10#10: *810 client ::1 closed keepalive connection
2025/09/01 23:15:34 [info] 10#10: *811 client ::1 closed keepalive connection
2025/09/01 23:16:06 [info] 10#10: *812 client ::1 closed keepalive connection
2025/09/01 23:16:37 [info] 10#10: *813 client ::1 closed keepalive connection
2025/09/01 23:17:07 [info] 10#10: *814 client ::1 closed keepalive connection
2025/09/01 23:17:39 [info] 10#10: *815 client ::1 closed keepalive connection
2025/09/01 23:18:10 [info] 10#10: *816 client ::1 closed keepalive connection
2025/09/01 23:18:42 [info] 10#10: *817 client ::1 closed keepalive connection
2025/09/01 23:19:14 [info] 10#10: *818 client ::1 closed keepalive connection
2025/09/01 23:19:45 [info] 10#10: *819 client ::1 closed keepalive connection
2025/09/01 23:20:17 [info] 10#10: *820 client ::1 closed keepalive connection
2025/09/01 23:20:48 [info] 10#10: *821 client ::1 closed keepalive connection
2025/09/01 23:21:20 [info] 10#10: *822 client ::1 closed keepalive connection
2025/09/01 23:21:51 [info] 10#10: *823 client ::1 closed keepalive connection
2025/09/01 23:22:23 [info] 10#10: *824 client ::1 closed keepalive connection
2025/09/01 23:22:54 [info] 10#10: *825 client ::1 closed keepalive connection
2025/09/01 23:23:26 [info] 10#10: *826 client ::1 closed keepalive connection
2025/09/01 23:23:57 [info] 10#10: *827 client ::1 closed keepalive connection
2025/09/01 23:24:27 [info] 10#10: *828 client ::1 closed keepalive connection
2025/09/01 23:24:59 [info] 10#10: *829 client ::1 closed keepalive connection
2025/09/01 23:25:31 [info] 10#10: *830 client ::1 closed keepalive connection
2025/09/01 23:26:02 [info] 10#10: *831 client ::1 closed keepalive connection
2025/09/01 23:26:34 [info] 10#10: *832 client ::1 closed keepalive connection
2025/09/01 23:27:05 [info] 10#10: *833 client ::1 closed keepalive connection
2025/09/01 23:27:37 [info] 10#10: *834 client ::1 closed keepalive connection
2025/09/01 23:28:09 [info] 10#10: *835 client ::1 closed keepalive connection
2025/09/01 23:28:40 [info] 10#10: *836 client ::1 closed keepalive connection
2025/09/01 23:29:12 [info] 10#10: *837 client ::1 closed keepalive connection
2025/09/01 23:29:43 [info] 10#10: *838 client ::1 closed keepalive connection
2025/09/01 23:30:15 [info] 10#10: *839 client ::1 closed keepalive connection
2025/09/01 23:30:46 [info] 10#10: *840 client ::1 closed keepalive connection
2025/09/01 23:31:16 [info] 10#10: *841 client ::1 closed keepalive connection
2025/09/01 23:31:48 [info] 10#10: *842 client ::1 closed keepalive connection
2025/09/01 23:32:19 [info] 10#10: *843 client ::1 closed keepalive connection
2025/09/01 23:32:51 [info] 10#10: *844 client ::1 closed keepalive connection
2025/09/01 23:33:23 [info] 10#10: *845 client ::1 closed keepalive connection
2025/09/01 23:33:54 [info] 10#10: *846 client ::1 closed keepalive connection
2025/09/01 23:34:26 [info] 10#10: *847 client ::1 closed keepalive connection
2025/09/01 23:34:57 [info] 10#10: *848 client ::1 closed keepalive connection
2025/09/01 23:35:29 [info] 10#10: *849 client ::1 closed keepalive connection
2025/09/01 23:36:00 [info] 10#10: *850 client ::1 closed keepalive connection
2025/09/01 23:36:32 [info] 10#10: *851 client ::1 closed keepalive connection
2025/09/01 23:37:04 [info] 10#10: *852 client ::1 closed keepalive connection
2025/09/01 23:37:35 [info] 10#10: *853 client ::1 closed keepalive connection
2025/09/01 23:38:05 [info] 10#10: *854 client ::1 closed keepalive connection
2025/09/01 23:38:37 [info] 10#10: *855 client ::1 closed keepalive connection
2025/09/01 23:39:08 [info] 10#10: *856 client ::1 closed keepalive connection
2025/09/01 23:39:40 [info] 10#10: *857 client ::1 closed keepalive connection
2025/09/01 23:40:11 [info] 10#10: *858 client ::1 closed keepalive connection
2025/09/01 23:40:43 [info] 10#10: *859 client ::1 closed keepalive connection
2025/09/01 23:41:14 [info] 10#10: *860 client ::1 closed keepalive connection
2025/09/01 23:41:46 [info] 10#10: *861 client ::1 closed keepalive connection
2025/09/01 23:42:17 [info] 10#10: *862 client ::1 closed keepalive connection
2025/09/01 23:42:49 [info] 10#10: *863 client ::1 closed keepalive connection
2025/09/01 23:43:20 [info] 10#10: *864 client ::1 closed keepalive connection
2025/09/01 23:43:52 [info] 10#10: *865 client ::1 closed keepalive connection
2025/09/01 23:44:23 [info] 10#10: *866 client ::1 closed keepalive connection
2025/09/01 23:44:55 [info] 10#10: *867 client ::1 closed keepalive connection
2025/09/01 23:45:25 [info] 10#10: *868 client ::1 closed keepalive connection
2025/09/01 23:45:56 [info] 10#10: *869 client ::1 closed keepalive connection
2025/09/01 23:46:28 [info] 10#10: *870 client ::1 closed keepalive connection
2025/09/01 23:46:59 [info] 10#10: *871 client ::1 closed keepalive connection
2025/09/01 23:47:31 [info] 10#10: *872 client ::1 closed keepalive connection
2025/09/01 23:48:03 [info] 10#10: *873 client ::1 closed keepalive connection
2025/09/01 23:48:34 [info] 10#10: *874 client ::1 closed keepalive connection
2025/09/01 23:49:04 [info] 10#10: *875 client ::1 closed keepalive connection
2025/09/01 23:49:36 [info] 10#10: *876 client ::1 closed keepalive connection
2025/09/01 23:50:07 [info] 10#10: *877 client ::1 closed keepalive connection
2025/09/01 23:50:39 [info] 10#10: *878 client ::1 closed keepalive connection
2025/09/01 23:51:10 [info] 10#10: *879 client ::1 closed keepalive connection
2025/09/01 23:51:42 [info] 10#10: *880 client ::1 closed keepalive connection
2025/09/01 23:52:13 [info] 10#10: *881 client ::1 closed keepalive connection
2025/09/01 23:52:45 [info] 10#10: *882 client ::1 closed keepalive connection
2025/09/01 23:53:17 [info] 10#10: *883 client ::1 closed keepalive connection
2025/09/01 23:53:48 [info] 10#10: *884 client ::1 closed keepalive connection
2025/09/01 23:54:20 [info] 10#10: *885 client ::1 closed keepalive connection
2025/09/01 23:54:52 [info] 10#10: *886 client ::1 closed keepalive connection
2025/09/01 23:55:23 [info] 10#10: *887 client ::1 closed keepalive connection
2025/09/01 23:55:53 [info] 10#10: *888 client ::1 closed keepalive connection
2025/09/01 23:56:25 [info] 10#10: *889 client ::1 closed keepalive connection
2025/09/01 23:56:57 [info] 10#10: *890 client ::1 closed keepalive connection
2025/09/01 23:57:28 [info] 10#10: *891 client ::1 closed keepalive connection
2025/09/01 23:58:00 [info] 10#10: *892 client ::1 closed keepalive connection
2025/09/01 23:58:31 [info] 10#10: *893 client ::1 closed keepalive connection
2025/09/01 23:59:03 [info] 10#10: *894 client ::1 closed keepalive connection
2025/09/01 23:59:34 [info] 10#10: *895 client ::1 closed keepalive connection
2025/09/02 00:00:06 [info] 10#10: *896 client ::1 closed keepalive connection
2025/09/02 00:00:37 [info] 10#10: *897 client ::1 closed keepalive connection
2025/09/02 00:01:09 [info] 10#10: *898 client ::1 closed keepalive connection
2025/09/02 00:01:40 [info] 10#10: *899 client ::1 closed keepalive connection
2025/09/02 00:02:12 [info] 10#10: *900 client ::1 closed keepalive connection
2025/09/02 00:02:42 [info] 10#10: *901 client ::1 closed keepalive connection
2025/09/02 00:03:14 [info] 10#10: *902 client ::1 closed keepalive connection
2025/09/02 00:03:45 [info] 10#10: *903 client ::1 closed keepalive connection
2025/09/02 00:04:17 [info] 10#10: *904 client ::1 closed keepalive connection
2025/09/02 00:04:49 [info] 10#10: *905 client ::1 closed keepalive connection
2025/09/02 00:05:20 [info] 10#10: *906 client ::1 closed keepalive connection
2025/09/02 00:05:50 [info] 10#10: *907 client ::1 closed keepalive connection
2025/09/02 00:06:20 [info] 10#10: *908 client ::1 closed keepalive connection
2025/09/02 00:06:51 [info] 10#10: *909 client ::1 closed keepalive connection
2025/09/02 00:07:21 [info] 10#10: *910 client ::1 closed keepalive connection
2025/09/02 00:07:52 [info] 10#10: *911 client ::1 closed keepalive connection
2025/09/02 00:08:23 [info] 10#10: *912 client ::1 closed keepalive connection
2025/09/02 00:43:40 [info] 10#10: *913 client ::1 closed keepalive connection
2025/09/02 00:44:10 [info] 10#10: *914 client ::1 closed keepalive connection
2025/09/02 00:44:40 [info] 10#10: *915 client ::1 closed keepalive connection
2025/09/02 00:45:10 [info] 10#10: *916 client ::1 closed keepalive connection
2025/09/02 00:45:40 [info] 10#10: *917 client ::1 closed keepalive connection
